{
  "RSpec": {
    "coverage": {
      "/home/hp/Desktop/Zmt/Zomato_API/Zomato_/spec/requests/order_spec.rb": [
        1,
        null,
        1,
        1,
        null,
        1,
        3,
        3,
        3,
        null,
        null,
        1,
        1,
        1,
        1,
        1,
        null,
        null,
        1,
        1,
        1,
        null,
        null,
        null,
        2,
        1,
        1,
        1,
        1,
        1,
        null,
        null,
        null,
        null,
        null,
        null
      ],
      "/home/hp/Desktop/Zmt/Zomato_API/Zomato_/spec/rails_helper.rb": [
        null,
        1,
        1,
        1,
        null,
        1,
        1,
        null,
        null,
        null,
        null,
        null,
        null,
        null,
        null,
        null,
        null,
        null,
        null,
        null,
        null,
        null,
        2,
        null,
        null,
        null,
        null,
        1,
        null,
        0,
        null,
        1,
        null,
        1,
        1,
        null,
        null,
        null,
        null,
        1,
        null,
        null,
        null,
        null,
        null,
        null,
        null,
        null,
        null,
        null,
        null,
        null,
        null,
        null,
        null,
        null,
        null,
        1,
        null,
        null,
        1,
        null,
        null,
        1,
        null,
        1,
        1,
        1,
        1,
        null,
        null,
        null
      ],
      "/home/hp/Desktop/Zmt/Zomato_API/Zomato_/config/environment.rb": [
        null,
        1,
        null,
        null,
        1
      ],
      "/home/hp/Desktop/Zmt/Zomato_API/Zomato_/config/application.rb": [
        1,
        null,
        1,
        null,
        null,
        null,
        1,
        null,
        1,
        1,
        null,
        1,
        1,
        null,
        null,
        1,
        1,
        1,
        null,
        null,
        null,
        null,
        null,
        null,
        null,
        null,
        null,
        null,
        null
      ],
      "/home/hp/Desktop/Zmt/Zomato_API/Zomato_/config/boot.rb": [
        1,
        null,
        1,
        1
      ],
      "/home/hp/Desktop/Zmt/Zomato_API/Zomato_/config/environments/test.rb": [
        1,
        null,
        null,
        null,
        null,
        null,
        null,
        1,
        null,
        null,
        null,
        1,
        null,
        null,
        null,
        null,
        1,
        null,
        null,
        1,
        1,
        null,
        null,
        null,
        null,
        1,
        1,
        1,
        null,
        null,
        1,
        null,
        null,
        1,
        null,
        null,
        1,
        null,
        1,
        null,
        null,
        null,
        null,
        1,
        null,
        null,
        1,
        null,
        null,
        1,
        null,
        null,
        1,
        null,
        null,
        null,
        null,
        null,
        null,
        null
      ],
      "/home/hp/Desktop/Zmt/Zomato_API/Zomato_/config/initializers/assets.rb": [
        null,
        null,
        null,
        1,
        null,
        null,
        null,
        null,
        null,
        null,
        null,
        null
      ],
      "/home/hp/Desktop/Zmt/Zomato_API/Zomato_/config/initializers/content_security_policy.rb": [
        null,
        null,
        null,
        null,
        null,
        null,
        null,
        null,
        null,
        null,
        null,
        null,
        null,
        null,
        null,
        null,
        null,
        null,
        null,
        null,
        null,
        null,
        null,
        null,
        null
      ],
      "/home/hp/Desktop/Zmt/Zomato_API/Zomato_/config/initializers/filter_parameter_logging.rb": [
        null,
        null,
        null,
        null,
        null,
        1,
        null,
        null
      ],
      "/home/hp/Desktop/Zmt/Zomato_API/Zomato_/config/initializers/inflections.rb": [
        null,
        null,
        null,
        null,
        null,
        null,
        null,
        null,
        null,
        null,
        null,
        null,
        null,
        null,
        null,
        null
      ],
      "/home/hp/Desktop/Zmt/Zomato_API/Zomato_/config/initializers/permissions_policy.rb": [
        null,
        null,
        null,
        null,
        null,
        null,
        null,
        null,
        null,
        null,
        null
      ],
      "/home/hp/Desktop/Zmt/Zomato_API/Zomato_/spec/factories/cart_items.rb": [
        1,
        1,
        1,
        1,
        1,
        null,
        null
      ],
      "/home/hp/Desktop/Zmt/Zomato_API/Zomato_/spec/factories/carts.rb": [
        1,
        1,
        1,
        null,
        null
      ],
      "/home/hp/Desktop/Zmt/Zomato_API/Zomato_/spec/factories/categories.rb": [
        1,
        1,
        4,
        1,
        null,
        null
      ],
      "/home/hp/Desktop/Zmt/Zomato_API/Zomato_/spec/factories/dishes.rb": [
        1,
        1,
        4,
        4,
        null,
        null,
        4,
        1,
        null,
        null
      ],
      "/home/hp/Desktop/Zmt/Zomato_API/Zomato_/spec/factories/order_items.rb": [
        1,
        1,
        1,
        1,
        1,
        null,
        null
      ],
      "/home/hp/Desktop/Zmt/Zomato_API/Zomato_/spec/factories/orders.rb": [
        1,
        1,
        2,
        2,
        2,
        null,
        2,
        1,
        null,
        null
      ],
      "/home/hp/Desktop/Zmt/Zomato_API/Zomato_/spec/factories/restaurents.rb": [
        1,
        null,
        1,
        4,
        4,
        null,
        4,
        1,
        null,
        null,
        null
      ],
      "/home/hp/Desktop/Zmt/Zomato_API/Zomato_/spec/factories/user.rb": [
        null,
        1,
        null,
        1,
        8,
        8,
        8,
        8,
        null,
        null,
        null,
        8,
        null,
        null,
        null
      ],
      "/home/hp/Desktop/Zmt/Zomato_API/Zomato_/config/routes.rb": [
        1,
        1,
        null,
        null,
        1,
        1,
        1,
        null,
        null,
        1,
        1,
        null,
        null,
        1,
        1,
        1,
        null,
        null,
        1,
        1,
        1,
        null,
        null,
        1,
        null,
        null
      ],
      "/home/hp/Desktop/Zmt/Zomato_API/Zomato_/app/helpers/application_helper.rb": [
        1,
        null
      ],
      "/home/hp/Desktop/Zmt/Zomato_API/Zomato_/spec/support/jwt_token_generator.rb": [
        1,
        1,
        1,
        3,
        3,
        3,
        null,
        null
      ],
      "/home/hp/Desktop/Zmt/Zomato_API/Zomato_/app/controllers/orders_controller.rb": [
        1,
        1,
        1,
        null,
        1,
        1,
        1,
        1,
        null,
        null,
        1,
        1,
        1,
        0,
        null,
        null,
        1,
        0,
        0,
        0,
        null,
        0,
        0,
        0,
        null,
        0,
        null,
        null,
        null,
        1,
        0,
        0,
        null,
        0,
        null,
        null,
        null,
        1,
        0,
        0,
        null,
        null,
        1,
        1,
        0,
        null,
        null,
        1,
        0,
        null,
        null,
        null
      ],
      "/home/hp/Desktop/Zmt/Zomato_API/Zomato_/app/controllers/application_controller.rb": [
        1,
        1,
        1,
        1,
        1,
        null,
        1,
        1,
        null,
        1,
        2,
        null,
        null,
        1,
        1,
        3,
        3,
        null,
        3,
        2,
        1,
        0,
        null,
        1,
        null,
        null,
        null,
        1,
        0,
        0,
        null,
        null,
        null,
        1,
        2,
        0,
        null,
        null,
        null,
        null,
        null,
        1,
        1,
        null,
        null,
        1,
        0,
        null,
        null,
        null
      ],
      "/home/hp/Desktop/Zmt/Zomato_API/Zomato_/app/controllers/concerns/jwt_token.rb": [
        1,
        null,
        1,
        1,
        null,
        1,
        null,
        1,
        0,
        0,
        null,
        null,
        1,
        3,
        2,
        null,
        null
      ],
      "/home/hp/Desktop/Zmt/Zomato_API/Zomato_/app/models/user.rb": [
        1,
        1,
        null,
        1,
        1,
        1,
        1,
        1,
        1,
        1,
        1,
        null,
        null,
        1,
        null,
        1,
        1,
        null,
        1,
        7,
        7,
        null,
        null,
        1,
        0,
        null,
        1,
        2,
        null,
        null,
        null
      ],
      "/home/hp/Desktop/Zmt/Zomato_API/Zomato_/app/models/application_record.rb": [
        1,
        1,
        null
      ],
      "/home/hp/Desktop/Zmt/Zomato_API/Zomato_/app/models/dish.rb": [
        1,
        1,
        1,
        1,
        1,
        null,
        1,
        null,
        1,
        1,
        null,
        1,
        null,
        1,
        1,
        3,
        null,
        null,
        null
      ],
      "/home/hp/Desktop/Zmt/Zomato_API/Zomato_/app/models/category.rb": [
        1,
        1,
        1,
        1,
        1,
        null,
        1,
        null,
        1,
        1,
        3,
        null,
        null,
        null
      ],
      "/home/hp/Desktop/Zmt/Zomato_API/Zomato_/app/models/restaurent.rb": [
        1,
        1,
        1,
        1,
        1,
        1,
        null,
        1,
        null,
        1,
        null,
        null,
        1,
        1,
        3,
        3,
        null,
        null,
        1,
        0,
        0,
        null,
        null,
        null,
        null
      ],
      "/home/hp/Desktop/Zmt/Zomato_API/Zomato_/app/models/customer.rb": [
        1,
        null
      ],
      "/home/hp/Desktop/Zmt/Zomato_API/Zomato_/app/models/order.rb": [
        1,
        1,
        1,
        1,
        1,
        1,
        null,
        null,
        null,
        null,
        null,
        null,
        null,
        1,
        0,
        0,
        null,
        null,
        null,
        1,
        0,
        null,
        null,
        null,
        null
      ]
    },
    "timestamp": 1697540462
  }
}
