{
  "RSpec": {
    "coverage": {
      "/home/hp/Desktop/Zmt/Zomato_API/Zomato_/spec/requests/users_spec.rb": [
        1,
        null,
        1,
        null,
        1,
        1,
        1,
        1,
        null,
        null,
        1,
        1,
        2,
        null,
        1,
        1,
        0,
        null,
        null,
        null,
        null,
        null
      ],
      "/home/hp/Desktop/Zmt/Zomato_API/Zomato_/spec/rails_helper.rb": [
        null,
        1,
        1,
        1,
        null,
        1,
        1,
        null,
        null,
        null,
        null,
        null,
        null,
        null,
        null,
        null,
        null,
        null,
        null,
        null,
        null,
        null,
        null,
        null,
        null,
        null,
        null,
        1,
        null,
        0,
        null,
        1,
        null,
        1,
        null,
        null,
        null,
        null,
        1,
        null,
        null,
        null,
        null,
        null,
        null,
        null,
        null,
        null,
        null,
        null,
        null,
        null,
        null,
        null,
        null,
        null,
        1,
        null,
        null,
        1,
        null,
        null,
        1,
        null,
        1,
        1,
        1,
        1,
        null,
        null,
        null
      ],
      "/home/hp/Desktop/Zmt/Zomato_API/Zomato_/config/environment.rb": [
        null,
        1,
        null,
        null,
        1
      ],
      "/home/hp/Desktop/Zmt/Zomato_API/Zomato_/config/application.rb": [
        1,
        null,
        1,
        null,
        null,
        null,
        1,
        null,
        1,
        1,
        null,
        1,
        1,
        null,
        null,
        1,
        1,
        1,
        null,
        null,
        null,
        null,
        null,
        null,
        null,
        null,
        null,
        null,
        null
      ],
      "/home/hp/Desktop/Zmt/Zomato_API/Zomato_/config/boot.rb": [
        1,
        null,
        1,
        1
      ],
      "/home/hp/Desktop/Zmt/Zomato_API/Zomato_/config/environments/test.rb": [
        1,
        null,
        null,
        null,
        null,
        null,
        null,
        1,
        null,
        null,
        null,
        1,
        null,
        null,
        null,
        null,
        1,
        null,
        null,
        1,
        1,
        null,
        null,
        null,
        null,
        1,
        1,
        1,
        null,
        null,
        1,
        null,
        null,
        1,
        null,
        null,
        1,
        null,
        1,
        null,
        null,
        null,
        null,
        1,
        null,
        null,
        1,
        null,
        null,
        1,
        null,
        null,
        1,
        null,
        null,
        null,
        null,
        null,
        null,
        null
      ],
      "/home/hp/Desktop/Zmt/Zomato_API/Zomato_/config/initializers/assets.rb": [
        null,
        null,
        null,
        1,
        null,
        null,
        null,
        null,
        null,
        null,
        null,
        null
      ],
      "/home/hp/Desktop/Zmt/Zomato_API/Zomato_/config/initializers/content_security_policy.rb": [
        null,
        null,
        null,
        null,
        null,
        null,
        null,
        null,
        null,
        null,
        null,
        null,
        null,
        null,
        null,
        null,
        null,
        null,
        null,
        null,
        null,
        null,
        null,
        null,
        null
      ],
      "/home/hp/Desktop/Zmt/Zomato_API/Zomato_/config/initializers/filter_parameter_logging.rb": [
        null,
        null,
        null,
        null,
        null,
        1,
        null,
        null
      ],
      "/home/hp/Desktop/Zmt/Zomato_API/Zomato_/config/initializers/inflections.rb": [
        null,
        null,
        null,
        null,
        null,
        null,
        null,
        null,
        null,
        null,
        null,
        null,
        null,
        null,
        null,
        null
      ],
      "/home/hp/Desktop/Zmt/Zomato_API/Zomato_/config/initializers/permissions_policy.rb": [
        null,
        null,
        null,
        null,
        null,
        null,
        null,
        null,
        null,
        null,
        null
      ],
      "/home/hp/Desktop/Zmt/Zomato_API/Zomato_/spec/factories/cart_items.rb": [
        1,
        1,
        1,
        1,
        1,
        null,
        null
      ],
      "/home/hp/Desktop/Zmt/Zomato_API/Zomato_/spec/factories/carts.rb": [
        1,
        1,
        1,
        null,
        null
      ],
      "/home/hp/Desktop/Zmt/Zomato_API/Zomato_/spec/factories/categories.rb": [
        1,
        1,
        1,
        1,
        null,
        null
      ],
      "/home/hp/Desktop/Zmt/Zomato_API/Zomato_/spec/factories/dishes.rb": [
        1,
        1,
        1,
        1,
        null,
        null,
        1,
        1,
        null,
        null
      ],
      "/home/hp/Desktop/Zmt/Zomato_API/Zomato_/spec/factories/order_items.rb": [
        1,
        1,
        1,
        1,
        1,
        null,
        null
      ],
      "/home/hp/Desktop/Zmt/Zomato_API/Zomato_/spec/factories/orders.rb": [
        1,
        1,
        1,
        1,
        1,
        null,
        1,
        1,
        null,
        null
      ],
      "/home/hp/Desktop/Zmt/Zomato_API/Zomato_/spec/factories/restaurents.rb": [
        1,
        null,
        1,
        1,
        1,
        null,
        1,
        1,
        null,
        null,
        null
      ],
      "/home/hp/Desktop/Zmt/Zomato_API/Zomato_/spec/factories/user.rb": [
        null,
        1,
        null,
        1,
        1,
        1,
        1,
        1,
        1,
        null,
        null,
        null,
        null,
        1,
        null,
        null,
        null
      ],
      "/home/hp/Desktop/Zmt/Zomato_API/Zomato_/config/routes.rb": [
        1,
        1,
        null,
        null,
        1,
        1,
        1,
        null,
        null,
        1,
        1,
        null,
        null,
        1,
        1,
        1,
        null,
        null,
        1,
        1,
        null,
        null,
        1,
        null,
        null
      ],
      "/home/hp/Desktop/Zmt/Zomato_API/Zomato_/app/helpers/application_helper.rb": [
        1,
        null
      ]
    },
    "timestamp": 1697194018
  }
}
